[debug] [2025-04-16T22:50:44.056Z] ----------------------------------------------------------------------
[debug] [2025-04-16T22:50:44.058Z] Command:       C:\Program Files\nodejs\node.exe C:\Users\UTENTE\AppData\Roaming\npm\node_modules\firebase-tools\lib\bin\firebase.js init
[debug] [2025-04-16T22:50:44.058Z] CLI Version:   14.2.0
[debug] [2025-04-16T22:50:44.058Z] Platform:      win32
[debug] [2025-04-16T22:50:44.059Z] Node Version:  v20.11.1
[debug] [2025-04-16T22:50:44.059Z] Time:          Thu Apr 17 2025 00:50:44 GMT+0200 (Central European Summer Time)
[debug] [2025-04-16T22:50:44.059Z] ----------------------------------------------------------------------
[debug] 
[debug] [2025-04-16T22:50:44.064Z] > command requires scopes: ["email","openid","https://www.googleapis.com/auth/cloudplatformprojects.readonly","https://www.googleapis.com/auth/firebase","https://www.googleapis.com/auth/cloud-platform"]
[debug] [2025-04-16T22:50:44.064Z] > authorizing via signed-in user (russellnavarez18@gmail.com)
[info] 
     ######## #### ########  ######## ########     ###     ######  ########
     ##        ##  ##     ## ##       ##     ##  ##   ##  ##       ##
     ######    ##  ########  ######   ########  #########  ######  ######
     ##        ##  ##    ##  ##       ##     ## ##     ##       ## ##
     ##       #### ##     ## ######## ########  ##     ##  ######  ########

You're about to initialize a Firebase project in this directory:

  C:\Users\UTENTE\cyn-yan

[info] 
=== Project Setup
[info] 
[info] First, let's associate this project directory with a Firebase project.
[info] You can create multiple project aliases by running firebase use --add, 
[info] but for now we'll just set up a default project.
[info] 
[debug] [2025-04-16T22:51:21.203Z] Checked if tokens are valid: true, expires at: 1744847431018
[debug] [2025-04-16T22:51:21.204Z] Checked if tokens are valid: true, expires at: 1744847431018
[debug] [2025-04-16T22:51:21.212Z] >>> [apiv2][query] GET https://firebase.googleapis.com/v1beta1/projects pageSize=100
[debug] [2025-04-16T22:51:21.874Z] <<< [apiv2][status] GET https://firebase.googleapis.com/v1beta1/projects 200
[debug] [2025-04-16T22:51:21.874Z] <<< [apiv2][body] GET https://firebase.googleapis.com/v1beta1/projects [omitted]
[info] i  Using project cyn-yan-7283c (cyn-yan) 
[info] 
=== Hosting Setup
[debug] [2025-04-16T22:51:54.096Z] Checked if tokens are valid: true, expires at: 1744847431018
[debug] [2025-04-16T22:51:54.096Z] Checked if tokens are valid: true, expires at: 1744847431018
[debug] [2025-04-16T22:51:54.097Z] >>> [apiv2][query] GET https://firebase.googleapis.com/v1beta1/projects/cyn-yan-7283c [none]
[debug] [2025-04-16T22:51:54.347Z] <<< [apiv2][status] GET https://firebase.googleapis.com/v1beta1/projects/cyn-yan-7283c 200
[debug] [2025-04-16T22:51:54.348Z] <<< [apiv2][body] GET https://firebase.googleapis.com/v1beta1/projects/cyn-yan-7283c {"projectId":"cyn-yan-7283c","projectNumber":"858269321695","displayName":"cyn-yan","name":"projects/cyn-yan-7283c","resources":{"hostingSite":"cyn-yan-7283c"},"state":"ACTIVE","etag":"1_95761598-8e10-4906-976b-499f49190c29"}
[info] 
[info] Your public directory is the folder (relative to your project directory) that
[info] will contain Hosting assets to be uploaded with firebase deploy. If you
[info] have a build process for your assets, use your build's output directory.
[info] 
[info] +  Wrote public/404.html 
[debug] [2025-04-16T22:53:01.084Z] >>> [apiv2][query] GET https://www.gstatic.com/firebasejs/releases.json [none]
[debug] [2025-04-16T22:53:01.176Z] <<< [apiv2][status] GET https://www.gstatic.com/firebasejs/releases.json 200
[debug] [2025-04-16T22:53:01.176Z] <<< [apiv2][body] GET https://www.gstatic.com/firebasejs/releases.json {"current":{"version":"11.6.0","browserURL":"https://www.gstatic.com/firebasejs/11.6.0/firebase.js","packageURL":"https://www.gstatic.com/firebasejs/11.6.0/firebase.tgz"},"live":{"version":"11.6","browserURL":"https://www.gstatic.com/firebasejs/live/11.6/firebase.js","packageURL":"https://www.gstatic.com/firebasejs/live/11.6/firebase.tgz"},"components":{"analytics":"https://www.gstatic.com/firebasejs/11.6.0/firebase-analytics.js","app":"https://www.gstatic.com/firebasejs/11.6.0/firebase-app.js","app-check":"https://www.gstatic.com/firebasejs/11.6.0/firebase-app-check.js","auth":"https://www.gstatic.com/firebasejs/11.6.0/firebase-auth.js","auth/cordova":"https://www.gstatic.com/firebasejs/11.6.0/firebase-auth/cordova.js","auth/web-extension":"https://www.gstatic.com/firebasejs/11.6.0/firebase-auth/web-extension.js","functions":"https://www.gstatic.com/firebasejs/11.6.0/firebase-functions.js","firestore":"https://www.gstatic.com/firebasejs/11.6.0/firebase-firestore.js","firestore/lite":"https://www.gstatic.com/firebasejs/11.6.0/firebase-firestore/lite.js","installations":"https://www.gstatic.com/firebasejs/11.6.0/firebase-installations.js","storage":"https://www.gstatic.com/firebasejs/11.6.0/firebase-storage.js","performance":"https://www.gstatic.com/firebasejs/11.6.0/firebase-performance.js","remote-config":"https://www.gstatic.com/firebasejs/11.6.0/firebase-remote-config.js","messaging":"https://www.gstatic.com/firebasejs/11.6.0/firebase-messaging.js","messaging/sw":"https://www.gstatic.com/firebasejs/11.6.0/firebase-messaging/sw.js","database":"https://www.gstatic.com/firebasejs/11.6.0/firebase-database.js","vertexai":"https://www.gstatic.com/firebasejs/11.6.0/firebase-vertexai.js","data-connect":"https://www.gstatic.com/firebasejs/11.6.0/firebase-data-connect.js","firestore.memory":"https://www.gstatic.com/firebasejs/11.6.0/firebase-firestore.memory.js"}}
[info] i  Skipping write of public/index.html 
[info] 
[info] i  Detected a .git folder at C:\Users\UTENTE\cyn-yan 
[info] i  Authorizing with GitHub to upload your service account to a GitHub repository's secrets store. 
[info] 
[info] Visit this URL on this device to log in:
[info] https://github.com/login/oauth/authorize?client_id=89cf50f02ac6aaed3484&state=979585981&redirect_uri=http%3A%2F%2Flocalhost%3A9005&scope=read%3Auser%20repo%20public_repo
[info] 
[info] Waiting for authentication...
[debug] [2025-04-16T22:53:56.353Z] >>> [apiv2][query] POST https://github.com/login/oauth/access_token [none]
[debug] [2025-04-16T22:53:56.353Z] >>> [apiv2][body] POST https://github.com/login/oauth/access_token [stream]
[debug] [2025-04-16T22:53:56.713Z] <<< [apiv2][status] POST https://github.com/login/oauth/access_token 200
[debug] [2025-04-16T22:53:56.713Z] <<< [apiv2][body] POST https://github.com/login/oauth/access_token {"access_token":"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","token_type":"bearer","scope":"read:user,repo"}
[debug] [2025-04-16T22:53:56.717Z] >>> [apiv2][query] GET https://api.github.com/user [none]
[debug] [2025-04-16T22:53:57.001Z] <<< [apiv2][status] GET https://api.github.com/user 200
[debug] [2025-04-16T22:53:57.001Z] <<< [apiv2][body] GET https://api.github.com/user {"login":"RussellShaneNavarez","id":117356384,"node_id":"U_kgDOBv63YA","avatar_url":"https://avatars.githubusercontent.com/u/117356384?v=4","gravatar_id":"","url":"https://api.github.com/users/RussellShaneNavarez","html_url":"https://github.com/RussellShaneNavarez","followers_url":"https://api.github.com/users/RussellShaneNavarez/followers","following_url":"https://api.github.com/users/RussellShaneNavarez/following{/other_user}","gists_url":"https://api.github.com/users/RussellShaneNavarez/gists{/gist_id}","starred_url":"https://api.github.com/users/RussellShaneNavarez/starred{/owner}{/repo}","subscriptions_url":"https://api.github.com/users/RussellShaneNavarez/subscriptions","organizations_url":"https://api.github.com/users/RussellShaneNavarez/orgs","repos_url":"https://api.github.com/users/RussellShaneNavarez/repos","events_url":"https://api.github.com/users/RussellShaneNavarez/events{/privacy}","received_events_url":"https://api.github.com/users/RussellShaneNavarez/received_events","type":"User","user_view_type":"private","site_admin":false,"name":"Russell Shane Navarez","company":"Lipari Technology","blog":"https://russnvrz.dev/","location":"Milan, Italy","email":null,"hireable":null,"bio":"23 | Software Developer","twitter_username":null,"notification_email":null,"public_repos":15,"public_gists":0,"followers":2,"following":2,"created_at":"2022-11-03T10:53:40Z","updated_at":"2025-04-06T21:44:52Z","private_gists":0,"total_private_repos":1,"owned_private_repos":1,"disk_usage":140197,"collaborators":1,"two_factor_authentication":true,"plan":{"name":"free","space":976562499,"collaborators":0,"private_repos":10000}}
[info] 
[info] +  Success! Logged into GitHub as RussellShaneNavarez 
[info] 
[debug] [2025-04-16T22:54:13.059Z] >>> [apiv2][query] GET https://api.github.com/repos/cyn-yan/actions/secrets/public-key type=owner
[debug] [2025-04-16T22:54:13.270Z] <<< [apiv2][status] GET https://api.github.com/repos/cyn-yan/actions/secrets/public-key 404
[debug] [2025-04-16T22:54:13.271Z] <<< [apiv2][body] GET https://api.github.com/repos/cyn-yan/actions/secrets/public-key {"message":"Not Found","documentation_url":"https://docs.github.com/rest","status":"404"}
[info] 
[info] 
[error] !  The provided authorization cannot be used with this repository. If this repository is in an organization, did you remember to grant access? 
[info] 
[info] i  Action required: Visit this URL to ensure access has been granted to the appropriate organization(s) for the Firebase CLI GitHub OAuth App: 
[info] https://github.com/settings/connections/applications/89cf50f02ac6aaed3484
[info] 
[debug] [2025-04-16T22:55:47.878Z] ----------------------------------------------------------------------
[debug] [2025-04-16T22:55:47.881Z] Command:       C:\Program Files\nodejs\node.exe C:\Users\UTENTE\AppData\Roaming\npm\node_modules\firebase-tools\lib\bin\firebase.js init
[debug] [2025-04-16T22:55:47.881Z] CLI Version:   14.2.0
[debug] [2025-04-16T22:55:47.881Z] Platform:      win32
[debug] [2025-04-16T22:55:47.881Z] Node Version:  v20.11.1
[debug] [2025-04-16T22:55:47.881Z] Time:          Thu Apr 17 2025 00:55:47 GMT+0200 (Central European Summer Time)
[debug] [2025-04-16T22:55:47.881Z] ----------------------------------------------------------------------
[debug] 
[debug] [2025-04-16T22:55:47.886Z] > command requires scopes: ["email","openid","https://www.googleapis.com/auth/cloudplatformprojects.readonly","https://www.googleapis.com/auth/firebase","https://www.googleapis.com/auth/cloud-platform"]
[debug] [2025-04-16T22:55:47.887Z] > authorizing via signed-in user (russellnavarez18@gmail.com)
[info] 
     ######## #### ########  ######## ########     ###     ######  ########
     ##        ##  ##     ## ##       ##     ##  ##   ##  ##       ##
     ######    ##  ########  ######   ########  #########  ######  ######
     ##        ##  ##    ##  ##       ##     ## ##     ##       ## ##
     ##       #### ##     ## ######## ########  ##     ##  ######  ########

You're about to initialize a Firebase project in this directory:

  C:\Users\UTENTE\cyn-yan

